\BOOKMARK [1][-]{section.1}{Algebraic\040Integers}{}% 1
\BOOKMARK [2][-]{subsection.1.1}{Motivation}{section.1}% 2
\BOOKMARK [2][-]{subsection.1.2}{Algebraic\040Integers}{section.1}% 3
\BOOKMARK [2][-]{subsection.1.3}{Ring\040of\040Integers}{section.1}% 4
\BOOKMARK [2][-]{subsection.1.4}{Additive\040Structure}{section.1}% 5
\BOOKMARK [1][-]{section.2}{Discriminant}{}% 6
\BOOKMARK [2][-]{subsection.2.1}{Elementary\040Properties\040of\040Discriminant}{section.2}% 7
\BOOKMARK [2][-]{subsection.2.2}{Discriminant\040of\040Number\040Fields}{section.2}% 8
\BOOKMARK [2][-]{subsection.2.3}{Computational\040Considerations}{section.2}% 9
\BOOKMARK [1][-]{section.3}{Prime\040Factorization}{}% 10
\BOOKMARK [2][-]{subsection.3.1}{Some\040Useful\040Ring\040Theory}{section.3}% 11
\BOOKMARK [2][-]{subsection.3.2}{Prime\040Ideals\040of\040a\040Ring\040of\040Integers}{section.3}% 12
\BOOKMARK [2][-]{subsection.3.3}{Dedekind\040Domains}{section.3}% 13
\BOOKMARK [2][-]{subsection.3.4}{Ideal\040Norm}{section.3}% 14
\BOOKMARK [2][-]{subsection.3.5}{Localization}{section.3}% 15
\BOOKMARK [2][-]{subsection.3.6}{Discrete\040Valuation\040Rings\040\(DVRs\)}{section.3}% 16
\BOOKMARK [2][-]{subsection.3.7}{Multiplicativity\040of\040the\040Ideal\040Norm}{section.3}% 17
\BOOKMARK [2][-]{subsection.3.8}{Further\040Application\040of\040DVR's}{section.3}% 18
\BOOKMARK [2][-]{subsection.3.9}{Kummer-Dedekind\040Theorem}{section.3}% 19
\BOOKMARK [2][-]{subsection.3.10}{Ramification}{section.3}% 20
\BOOKMARK [1][-]{section.4}{Ideal\040Class\040Group}{}% 21
\BOOKMARK [2][-]{subsection.4.1}{Preliminaries}{section.4}% 22
\BOOKMARK [2][-]{subsection.4.2}{Minkowski's\040Bound}{section.4}% 23
\BOOKMARK [1][-]{section.5}{Dirichlet's\040Unit\040Theorem}{}% 24
\BOOKMARK [2][-]{subsection.5.1}{Motivation}{section.5}% 25
\BOOKMARK [2][-]{subsection.5.2}{Unit\040Theorem}{section.5}% 26
